<?xml version="1.0" encoding="UTF-8"?>
<!-- Generated by org.testng.reporters.JUnitReportReporter -->
<testsuite hostname="Anitya" name="com.employee.testcase.NewTest" tests="1" failures="0" timestamp="20 Jul 2020 06:35:45 GMT" time="0.018" errors="0">
  <testcase name="f" time="0.018" classname="com.employee.testcase.NewTest"/>
</testsuite> <!-- com.employee.testcase.NewTest -->
